<?xml version="1.0" encoding="UTF-8"?>
<!-- Generated by org.testng.reporters.JUnitReportReporter -->
<testsuite hostname="SLB-C6J0533" failures="0" tests="5" name="runner.TestRunner" time="90.903" errors="0" timestamp="2024-08-15T14:46:08 IST" skipped="0">
  <testcase classname="runner.TestRunner" name="runScenario" time="20.080"/>
  <testcase classname="runner.TestRunner" name="runScenario" time="20.264"/>
  <testcase classname="runner.TestRunner" name="runScenario" time="17.798"/>
  <testcase classname="runner.TestRunner" name="runScenario" time="16.296"/>
  <testcase classname="runner.TestRunner" name="runScenario" time="16.465"/>
</testsuite> <!-- runner.TestRunner -->
